# JRE version: Java(TM) SE Runtime Environment (8.0_51-b16) (build 1.8.0_51-b16)
# Java VM: Java HotSpot(TM) 64-Bit Server VM (25.51-b03 mixed mode linux-amd64 compressed oops)
Heap:
 PSYoungGen      total 193024K, used 137997K [0x00000000ec500000, 0x0000000100000000, 0x0000000100000000)
  eden space 185856K, 71% used [0x00000000ec500000,0x00000000f46d8d98,0x00000000f7a80000)
  from space 7168K, 70% used [0x00000000fa000000,0x00000000fa4ea9d0,0x00000000fa700000)
  to   space 38400K, 0% used [0x00000000f7a80000,0x00000000f7a80000,0x00000000fa000000)
 ParOldGen       total 196608K, used 123143K [0x00000000c4e00000, 0x00000000d0e00000, 0x00000000ec500000)
  object space 196608K, 62% used [0x00000000c4e00000,0x00000000cc641e30,0x00000000d0e00000)
 Metaspace       used 51360K, capacity 53402K, committed 53672K, reserved 1095680K
  class space    used 6592K, capacity 6947K, committed 7088K, reserved 1048576K
GC Heap History (10 events):
Event: 546.318 GC heap before
{Heap before GC invocations=72 (full 30):
 PSYoungGen      total 223744K, used 975K [0x00000000ec500000, 0x00000000fa700000, 0x0000000100000000)
  eden space 217088K, 0% used [0x00000000ec500000,0x00000000ec500000,0x00000000f9900000)
  from space 6656K, 14% used [0x00000000fa080000,0x00000000fa173c60,0x00000000fa700000)
  to   space 7168K, 0% used [0x00000000f9900000,0x00000000f9900000,0x00000000fa000000)
 ParOldGen       total 56832K, used 41107K [0x00000000c4e00000, 0x00000000c8580000, 0x00000000ec500000)
  object space 56832K, 72% used [0x00000000c4e00000,0x00000000c7624f70,0x00000000c8580000)
 Metaspace       used 44206K, capacity 45292K, committed 45864K, reserved 1089536K
  class space    used 5648K, capacity 5892K, committed 5936K, reserved 1048576K
Event: 546.365 GC heap after
Heap after GC invocations=72 (full 30):
 PSYoungGen      total 223744K, used 0K [0x00000000ec500000, 0x00000000fa700000, 0x0000000100000000)
  eden space 217088K, 0% used [0x00000000ec500000,0x00000000ec500000,0x00000000f9900000)
  from space 6656K, 0% used [0x00000000fa080000,0x00000000fa080000,0x00000000fa700000)
  to   space 7168K, 0% used [0x00000000f9900000,0x00000000f9900000,0x00000000fa000000)
 ParOldGen       total 56832K, used 41403K [0x00000000c4e00000, 0x00000000c8580000, 0x00000000ec500000)
  object space 56832K, 72% used [0x00000000c4e00000,0x00000000c766ed78,0x00000000c8580000)
 Metaspace       used 44147K, capacity 45206K, committed 45864K, reserved 1089536K
  class space    used 5642K, capacity 5886K, committed 5936K, reserved 1048576K
}
Event: 778.751 GC heap before
{Heap before GC invocations=73 (full 30):
 PSYoungGen      total 223744K, used 34842K [0x00000000ec500000, 0x00000000fa700000, 0x0000000100000000)
  eden space 217088K, 16% used [0x00000000ec500000,0x00000000ee706ae8,0x00000000f9900000)
  from space 6656K, 0% used [0x00000000fa080000,0x00000000fa080000,0x00000000fa700000)
  to   space 7168K, 0% used [0x00000000f9900000,0x00000000f9900000,0x00000000fa000000)
 ParOldGen       total 56832K, used 41403K [0x00000000c4e00000, 0x00000000c8580000, 0x00000000ec500000)
  object space 56832K, 72% used [0x00000000c4e00000,0x00000000c766ed78,0x00000000c8580000)
 Metaspace       used 44316K, capacity 45422K, committed 45864K, reserved 1089536K
  class space    used 5650K, capacity 5894K, committed 5936K, reserved 1048576K
Event: 778.755 GC heap after
Heap after GC invocations=73 (full 30):
 PSYoungGen      total 224256K, used 1288K [0x00000000ec500000, 0x00000000fa700000, 0x0000000100000000)
  eden space 217088K, 0% used [0x00000000ec500000,0x00000000ec500000,0x00000000f9900000)
  from space 7168K, 17% used [0x00000000f9900000,0x00000000f9a42390,0x00000000fa000000)
  to   space 7168K, 0% used [0x00000000fa000000,0x00000000fa000000,0x00000000fa700000)
 ParOldGen       total 56832K, used 41411K [0x00000000c4e00000, 0x00000000c8580000, 0x00000000ec500000)
  object space 56832K, 72% used [0x00000000c4e00000,0x00000000c7670d78,0x00000000c8580000)
 Metaspace       used 44316K, capacity 45422K, committed 45864K, reserved 1089536K
  class space    used 5650K, capacity 5894K, committed 5936K, reserved 1048576K
}
Event: 778.755 GC heap before
{Heap before GC invocations=74 (full 31):
 PSYoungGen      total 224256K, used 1288K [0x00000000ec500000, 0x00000000fa700000, 0x0000000100000000)
  eden space 217088K, 0% used [0x00000000ec500000,0x00000000ec500000,0x00000000f9900000)
  from space 7168K, 17% used [0x00000000f9900000,0x00000000f9a42390,0x00000000fa000000)
  to   space 7168K, 0% used [0x00000000fa000000,0x00000000fa000000,0x00000000fa700000)
 ParOldGen       total 56832K, used 41411K [0x00000000c4e00000, 0x00000000c8580000, 0x00000000ec500000)
  object space 56832K, 72% used [0x00000000c4e00000,0x00000000c7670d78,0x00000000c8580000)
 Metaspace       used 44316K, capacity 45422K, committed 45864K, reserved 1089536K
  class space    used 5650K, capacity 5894K, committed 5936K, reserved 1048576K
Event: 778.860 GC heap after
Heap after GC invocations=74 (full 31):
 PSYoungGen      total 224256K, used 0K [0x00000000ec500000, 0x00000000fa700000, 0x0000000100000000)
  eden space 217088K, 0% used [0x00000000ec500000,0x00000000ec500000,0x00000000f9900000)
  from space 7168K, 0% used [0x00000000f9900000,0x00000000f9900000,0x00000000fa000000)
  to   space 7168K, 0% used [0x00000000fa000000,0x00000000fa000000,0x00000000fa700000)
 ParOldGen       total 56832K, used 41884K [0x00000000c4e00000, 0x00000000c8580000, 0x00000000ec500000)
  object space 56832K, 73% used [0x00000000c4e00000,0x00000000c76e71c8,0x00000000c8580000)
 Metaspace       used 44254K, capacity 45334K, committed 45864K, reserved 1089536K
  class space    used 5643K, capacity 5886K, committed 5936K, reserved 1048576K
}
Event: 993.914 GC heap before
{Heap before GC invocations=75 (full 31):
 PSYoungGen      total 224256K, used 217088K [0x00000000ec500000, 0x00000000fa700000, 0x0000000100000000)
  eden space 217088K, 100% used [0x00000000ec500000,0x00000000f9900000,0x00000000f9900000)
  from space 7168K, 0% used [0x00000000f9900000,0x00000000f9900000,0x00000000fa000000)
  to   space 7168K, 0% used [0x00000000fa000000,0x00000000fa000000,0x00000000fa700000)
 ParOldGen       total 56832K, used 41884K [0x00000000c4e00000, 0x00000000c8580000, 0x00000000ec500000)
  object space 56832K, 73% used [0x00000000c4e00000,0x00000000c76e71c8,0x00000000c8580000)
 Metaspace       used 50962K, capacity 52982K, committed 53032K, reserved 1095680K
  class space    used 6582K, capacity 6931K, committed 6960K, reserved 1048576K
Event: 993.951 GC heap after
Heap after GC invocations=75 (full 31):
 PSYoungGen      total 193024K, used 7140K [0x00000000ec500000, 0x0000000100000000, 0x0000000100000000)
  eden space 185856K, 0% used [0x00000000ec500000,0x00000000ec500000,0x00000000f7a80000)
  from space 7168K, 99% used [0x00000000fa000000,0x00000000fa6f9228,0x00000000fa700000)
  to   space 38400K, 0% used [0x00000000f7a80000,0x00000000f7a80000,0x00000000fa000000)
 ParOldGen       total 124416K, used 123485K [0x00000000c4e00000, 0x00000000cc780000, 0x00000000ec500000)
  object space 124416K, 99% used [0x00000000c4e00000,0x00000000cc697588,0x00000000cc780000)
 Metaspace       used 50962K, capacity 52982K, committed 53032K, reserved 1095680K
  class space    used 6582K, capacity 6931K, committed 6960K, reserved 1048576K
}
Event: 993.951 GC heap before
{Heap before GC invocations=76 (full 32):
 PSYoungGen      total 193024K, used 7140K [0x00000000ec500000, 0x0000000100000000, 0x0000000100000000)
  eden space 185856K, 0% used [0x00000000ec500000,0x00000000ec500000,0x00000000f7a80000)
  from space 7168K, 99% used [0x00000000fa000000,0x00000000fa6f9228,0x00000000fa700000)
  to   space 38400K, 0% used [0x00000000f7a80000,0x00000000f7a80000,0x00000000fa000000)
 ParOldGen       total 124416K, used 123485K [0x00000000c4e00000, 0x00000000cc780000, 0x00000000ec500000)
  object space 124416K, 99% used [0x00000000c4e00000,0x00000000cc697588,0x00000000cc780000)
 Metaspace       used 50962K, capacity 52982K, committed 53032K, reserved 1095680K
  class space    used 6582K, capacity 6931K, committed 6960K, reserved 1048576K
Event: 994.112 GC heap after
Heap after GC invocations=76 (full 32):
 PSYoungGen      total 193024K, used 5034K [0x00000000ec500000, 0x0000000100000000, 0x0000000100000000)
  eden space 185856K, 0% used [0x00000000ec500000,0x00000000ec500000,0x00000000f7a80000)
  from space 7168K, 70% used [0x00000000fa000000,0x00000000fa4ea9d0,0x00000000fa700000)
  to   space 38400K, 0% used [0x00000000f7a80000,0x00000000f7a80000,0x00000000fa000000)
 ParOldGen       total 196608K, used 123143K [0x00000000c4e00000, 0x00000000d0e00000, 0x00000000ec500000)
  object space 196608K, 62% used [0x00000000c4e00000,0x00000000cc641e30,0x00000000d0e00000)
 Metaspace       used 50717K, capacity 52376K, committed 53032K, reserved 1095680K
  class space    used 6557K, capacity 6890K, committed 6960K, reserved 1048576K
}

